Using pre-set license
Built from '2021.1/staging' branch; Version is '2021.1.21f1 (f2d5d3c59f8c) revision 15914451'; Using compiler version '192528614'; Build Type 'Release'
OS: 'Windows 10 Home; OS build 19042.1348; Version 2009; 64bit' Language: 'en' Physical Memory: 16322 MB
BatchMode: 1, IsHumanControllingUs: 0, StartBugReporterOnCrash: 0, Is64bit: 1, IsPro: 0

COMMAND LINE ARGUMENTS:
C:\Program Files\Unity\Hub\Editor\2021.1.21f1\Editor\Unity.exe
-adb2
-batchMode
-noUpm
-name
AssetImportWorker0
-projectPath
C:/Users/Tjalfe/Desktop/HangMan/HangMan
-logFile
Logs/AssetImportWorker0.log
-srvPort
63214
Successfully changed project path to: C:/Users/Tjalfe/Desktop/HangMan/HangMan
C:/Users/Tjalfe/Desktop/HangMan/HangMan
Using Asset Import Pipeline V2.
Refreshing native plugins compatible for Editor in 137.02 ms, found 4 plugins.
Preloading 0 native plugins for Editor in 0.00 ms.
Initialize engine version: 2021.1.21f1 (f2d5d3c59f8c)
[Subsystems] Discovering subsystems at path C:/Program Files/Unity/Hub/Editor/2021.1.21f1/Editor/Data/Resources/UnitySubsystems
[Subsystems] Discovering subsystems at path C:/Users/Tjalfe/Desktop/HangMan/HangMan/Assets
GfxDevice: creating device client; threaded=0; jobified=0
Direct3D:
    Version:  Direct3D 11.0 [level 11.1]
    Renderer: NVIDIA GeForce GTX 960 (ID=0x1401)
    Vendor:   NVIDIA
    VRAM:     2007 MB
    Driver:   27.21.14.5671
Initialize mono
Mono path[0] = 'C:/Program Files/Unity/Hub/Editor/2021.1.21f1/Editor/Data/Managed'
Mono path[1] = 'C:/Program Files/Unity/Hub/Editor/2021.1.21f1/Editor/Data/MonoBleedingEdge/lib/mono/unityjit'
Mono config path = 'C:/Program Files/Unity/Hub/Editor/2021.1.21f1/Editor/Data/MonoBleedingEdge/etc'
Using monoOptions --debugger-agent=transport=dt_socket,embedding=1,server=y,suspend=n,address=127.0.0.1:56760
Begin MonoManager ReloadAssembly
Registering precompiled unity dll's ...
Register platform support module: C:/Program Files/Unity/Hub/Editor/2021.1.21f1/Editor/Data/PlaybackEngines/WindowsStandaloneSupport/UnityEditor.WindowsStandalone.Extensions.dll
Registered in 0.002237 seconds.
Native extension for WindowsStandalone target not found
Refreshing native plugins compatible for Editor in 141.15 ms, found 4 plugins.
Preloading 0 native plugins for Editor in 0.00 ms.
Mono: successfully reloaded assembly
- Completed reload, in  2.213 seconds
Domain Reload Profiling:
	ReloadAssembly (2213ms)
		BeginReloadAssembly (76ms)
			ExecutionOrderSort (0ms)
			DisableScriptedObjects (0ms)
			BackupInstance (0ms)
			ReleaseScriptingObjects (0ms)
			CreateAndSetChildDomain (1ms)
		EndReloadAssembly (605ms)
			LoadAssemblies (73ms)
			RebuildTransferFunctionScriptingTraits (0ms)
			SetupTypeCache (201ms)
			ReleaseScriptCaches (0ms)
			RebuildScriptCaches (36ms)
			SetupLoadedEditorAssemblies (306ms)
				LogAssemblyErrors (0ms)
				InitializePlatformSupportModulesInManaged (8ms)
				SetLoadedEditorAssemblies (0ms)
				RefreshPlugins (141ms)
				BeforeProcessingInitializeOnLoad (1ms)
				ProcessInitializeOnLoadAttributes (119ms)
				ProcessInitializeOnLoadMethodAttributes (36ms)
				AfterProcessingInitializeOnLoad (0ms)
				EditorAssembliesLoaded (0ms)
			ExecutionOrderSort2 (0ms)
			AwakeInstancesAfterBackupRestoration (0ms)
Platform modules already initialized, skipping
Registering precompiled user dll's ...
Registered in 0.009505 seconds.
Begin MonoManager ReloadAssembly
Symbol file LoadedFromMemory is not a mono symbol file
Symbol file LoadedFromMemory doesn't match image C:\Users\Tjalfe\Desktop\HangMan\HangMan\Library\PackageCache\com.unity.visualscripting@1.6.1\Editor\VisualScripting.Core\Dependencies\YamlDotNet\Unity.VisualScripting.YamlDotNet.dll
Symbol file LoadedFromMemory is not a mono symbol file
Symbol file LoadedFromMemory doesn't match image C:\Users\Tjalfe\Desktop\HangMan\HangMan\Library\PackageCache\com.unity.visualscripting@1.6.1\Editor\VisualScripting.Core\Dependencies\DotNetZip\Unity.VisualScripting.IonicZip.dll
Symbol file LoadedFromMemory is not a mono symbol file
Symbol file LoadedFromMemory is not a mono symbol file
Symbol file LoadedFromMemory is not a mono symbol file
Native extension for WindowsStandalone target not found
Refreshing native plugins compatible for Editor in 147.87 ms, found 4 plugins.
Preloading 0 native plugins for Editor in 0.00 ms.
Mono: successfully reloaded assembly
- Completed reload, in  1.813 seconds
Domain Reload Profiling:
	ReloadAssembly (1813ms)
		BeginReloadAssembly (215ms)
			ExecutionOrderSort (0ms)
			DisableScriptedObjects (10ms)
			BackupInstance (0ms)
			ReleaseScriptingObjects (0ms)
			CreateAndSetChildDomain (30ms)
		EndReloadAssembly (1521ms)
			LoadAssemblies (125ms)
			RebuildTransferFunctionScriptingTraits (0ms)
			SetupTypeCache (463ms)
			ReleaseScriptCaches (1ms)
			RebuildScriptCaches (76ms)
			SetupLoadedEditorAssemblies (737ms)
				LogAssemblyErrors (0ms)
				InitializePlatformSupportModulesInManaged (5ms)
				SetLoadedEditorAssemblies (0ms)
				RefreshPlugins (148ms)
				BeforeProcessingInitializeOnLoad (114ms)
				ProcessInitializeOnLoadAttributes (292ms)
				ProcessInitializeOnLoadMethodAttributes (169ms)
				AfterProcessingInitializeOnLoad (8ms)
				EditorAssembliesLoaded (0ms)
			ExecutionOrderSort2 (0ms)
			AwakeInstancesAfterBackupRestoration (8ms)
Platform modules already initialized, skipping
========================================================================
Worker process is ready to serve import requests
Launched and connected shader compiler UnityShaderCompiler.exe after 0.08 seconds
Refreshing native plugins compatible for Editor in 0.95 ms, found 4 plugins.
Preloading 0 native plugins for Editor in 0.00 ms.
Unloading 4273 Unused Serialized files (Serialized files now loaded: 0)
System memory in use before: 163.3 MB.
System memory in use after: 163.0 MB.

Unloading 151 unused Assets to reduce memory usage. Loaded Objects now: 4619.
Total: 5.365800 ms (FindLiveObjects: 0.622100 ms CreateObjectMapping: 0.391700 ms MarkObjects: 3.666700 ms  DeleteObjects: 0.667700 ms)

AssetImportParameters requested are different than current active one (requested -> active):
  custom:framework-win-MediaFoundation: 216162199b28c13a410421893ffa2e32 -> 
  custom:video-decoder-ogg-theora: a1e56fd34408186e4bbccfd4996cb3dc -> 
  custom:container-muxer-webm: aa71ff27fc2769a1b78a27578f13a17b -> 
  custom:container-demuxer-webm: 4f35f7cbe854078d1ac9338744f61a02 -> 
  custom:container-demuxer-ogg: 62fdf1f143b41e24485cea50d1cbac27 -> 
  custom:video-encoder-webm-vp8: eb34c28f22e8b96e1ab97ce403110664 -> 
  custom:video-decoder-webm-vp8: 9c59270c3fd7afecdb556c50c9e8de78 -> 
  custom:audio-decoder-ogg-vorbis: bf7c407c2cedff20999df2af8eb42d56 -> 
  custom:audio-encoder-webm-vorbis: bf7c407c2cedff20999df2af8eb42d56 -> 
========================================================================
Received Import Request.
  path: Assets/Scenes
  artifactKey: Guid(131a6b21c8605f84396be9f6751fb6e3) Importer(815301076,1909f56bfc062723c751e8b465ee728b)
Start importing Assets/Scenes using Guid(131a6b21c8605f84396be9f6751fb6e3) Importer(815301076,1909f56bfc062723c751e8b465ee728b)  -> (artifact id: 'ffae677c86e903bacef8065336249a81') in 0.012457 seconds 
========================================================================
Received Import Request.
  Time since last request: 0.000257 seconds.
  path: Assets/Scenes/menu.unity
  artifactKey: Guid(6c8e1bd06c11f174d9c66e25377a98d6) Importer(815301076,1909f56bfc062723c751e8b465ee728b)
Start importing Assets/Scenes/menu.unity using Guid(6c8e1bd06c11f174d9c66e25377a98d6) Importer(815301076,1909f56bfc062723c751e8b465ee728b)  -> (artifact id: '667063483c6c2e8bbad13e1dc9eec95f') in 0.019931 seconds 
========================================================================
Received Prepare
Registering precompiled user dll's ...
Registered in 0.009081 seconds.
Begin MonoManager ReloadAssembly
Symbol file LoadedFromMemory is not a mono symbol file
Symbol file LoadedFromMemory doesn't match image C:\Users\Tjalfe\Desktop\HangMan\HangMan\Library\PackageCache\com.unity.visualscripting@1.6.1\Editor\VisualScripting.Core\Dependencies\YamlDotNet\Unity.VisualScripting.YamlDotNet.dll
Symbol file LoadedFromMemory is not a mono symbol file
Symbol file LoadedFromMemory doesn't match image C:\Users\Tjalfe\Desktop\HangMan\HangMan\Library\PackageCache\com.unity.visualscripting@1.6.1\Editor\VisualScripting.Core\Dependencies\DotNetZip\Unity.VisualScripting.IonicZip.dll
Symbol file LoadedFromMemory is not a mono symbol file
Symbol file LoadedFromMemory is not a mono symbol file
Symbol file LoadedFromMemory is not a mono symbol file
Native extension for WindowsStandalone target not found
Refreshing native plugins compatible for Editor in 1.26 ms, found 4 plugins.
Preloading 0 native plugins for Editor in 0.00 ms.
Mono: successfully reloaded assembly
- Completed reload, in  1.968 seconds
Domain Reload Profiling:
	ReloadAssembly (1968ms)
		BeginReloadAssembly (201ms)
			ExecutionOrderSort (0ms)
			DisableScriptedObjects (12ms)
			BackupInstance (0ms)
			ReleaseScriptingObjects (0ms)
			CreateAndSetChildDomain (69ms)
		EndReloadAssembly (1672ms)
			LoadAssemblies (160ms)
			RebuildTransferFunctionScriptingTraits (0ms)
			SetupTypeCache (587ms)
			ReleaseScriptCaches (3ms)
			RebuildScriptCaches (96ms)
			SetupLoadedEditorAssemblies (631ms)
				LogAssemblyErrors (0ms)
				InitializePlatformSupportModulesInManaged (7ms)
				SetLoadedEditorAssemblies (1ms)
				RefreshPlugins (1ms)
				BeforeProcessingInitializeOnLoad (141ms)
				ProcessInitializeOnLoadAttributes (345ms)
				ProcessInitializeOnLoadMethodAttributes (127ms)
				AfterProcessingInitializeOnLoad (9ms)
				EditorAssembliesLoaded (0ms)
			ExecutionOrderSort2 (0ms)
			AwakeInstancesAfterBackupRestoration (21ms)
Platform modules already initialized, skipping
Switching build target platform(19) subTarget(0) extendedPlatform(0) -> platform(13) subTarget(537395200) extendedPlatform(0)
Refreshing native plugins compatible for Editor in 1.28 ms, found 4 plugins.
Preloading 0 native plugins for Editor in 0.00 ms.
Unloading 4252 Unused Serialized files (Serialized files now loaded: 0)
System memory in use before: 162.0 MB.
System memory in use after: 161.7 MB.

Unloading 140 unused Assets to reduce memory usage. Loaded Objects now: 4621.
Total: 6.409200 ms (FindLiveObjects: 0.468900 ms CreateObjectMapping: 0.600100 ms MarkObjects: 4.508900 ms  DeleteObjects: 0.829500 ms)

AssetImportParameters requested are different than current active one (requested -> active):
  custom:framework-win-MediaFoundation: 216162199b28c13a410421893ffa2e32 -> 
  custom:video-decoder-ogg-theora: a1e56fd34408186e4bbccfd4996cb3dc -> 
  custom:container-muxer-webm: aa71ff27fc2769a1b78a27578f13a17b -> 
  custom:container-demuxer-webm: 4f35f7cbe854078d1ac9338744f61a02 -> 
  custom:container-demuxer-ogg: 62fdf1f143b41e24485cea50d1cbac27 -> 
  custom:video-encoder-webm-vp8: eb34c28f22e8b96e1ab97ce403110664 -> 
  custom:video-decoder-webm-vp8: 9c59270c3fd7afecdb556c50c9e8de78 -> 
  custom:graphics/normal-map-encoding: 01000000000000000000000000000000 -> 02000000000000000000000000000000
  custom:audio-decoder-ogg-vorbis: bf7c407c2cedff20999df2af8eb42d56 -> 
  custom:audio-encoder-webm-vorbis: bf7c407c2cedff20999df2af8eb42d56 -> 
========================================================================
Received Import Request.
  Time since last request: 3509.121674 seconds.
  path: Assets/prefabs/Empty letter.prefab
  artifactKey: Guid(e2fd9dc8813ae0541bb95b2198fbe8d1) Importer(815301076,1909f56bfc062723c751e8b465ee728b)
Start importing Assets/prefabs/Empty letter.prefab using Guid(e2fd9dc8813ae0541bb95b2198fbe8d1) Importer(815301076,1909f56bfc062723c751e8b465ee728b)  -> (artifact id: '0dc4fe50e78542827ffaeb9d1eb30dd8') in 0.054282 seconds 
========================================================================
Received Import Request.
  Time since last request: 0.000281 seconds.
  path: Assets/prefabs/Letter multi.prefab
  artifactKey: Guid(306391496982ea0489ba1a42c6e190ab) Importer(815301076,1909f56bfc062723c751e8b465ee728b)
Start importing Assets/prefabs/Letter multi.prefab using Guid(306391496982ea0489ba1a42c6e190ab) Importer(815301076,1909f56bfc062723c751e8b465ee728b)  -> (artifact id: 'ba368efa36b9417011e744b7e1739f65') in 0.047250 seconds 
========================================================================
Received Import Request.
  Time since last request: 0.000195 seconds.
  path: Assets/prefabs/name_text.prefab
  artifactKey: Guid(6e7724a8607f2874aba25c0c56859c76) Importer(815301076,1909f56bfc062723c751e8b465ee728b)
Start importing Assets/prefabs/name_text.prefab using Guid(6e7724a8607f2874aba25c0c56859c76) Importer(815301076,1909f56bfc062723c751e8b465ee728b)  -> (artifact id: 'c85e852e3f27a1f1230f50b0984c4131') in 0.031445 seconds 
========================================================================
Received Import Request.
  Time since last request: 0.000206 seconds.
  path: Assets/prefabs/Letter.prefab
  artifactKey: Guid(0a775c4113d14804eaa922f9e4051a87) Importer(815301076,1909f56bfc062723c751e8b465ee728b)
Start importing Assets/prefabs/Letter.prefab using Guid(0a775c4113d14804eaa922f9e4051a87) Importer(815301076,1909f56bfc062723c751e8b465ee728b)  -> (artifact id: '574043938964a5ca1b1c1a96cf5b15b5') in 0.031796 seconds 
========================================================================
Received Import Request.
  Time since last request: 1.089755 seconds.
  path: Assets/scripts/button_handler.cs
  artifactKey: Guid(30c4c611b529e534cacec53790401c0d) Importer(815301076,1909f56bfc062723c751e8b465ee728b)
Start importing Assets/scripts/button_handler.cs using Guid(30c4c611b529e534cacec53790401c0d) Importer(815301076,1909f56bfc062723c751e8b465ee728b)  -> (artifact id: '7868284d59e6151153aaccdb698aed05') in 0.011018 seconds 
========================================================================
Received Import Request.
  Time since last request: 6.828001 seconds.
  path: Assets/Menu/Group 3.png
  artifactKey: Guid(2b6aaa6b5f723334d82e05d6d2f5756f) Importer(815301076,1909f56bfc062723c751e8b465ee728b)
Start importing Assets/Menu/Group 3.png using Guid(2b6aaa6b5f723334d82e05d6d2f5756f) Importer(815301076,1909f56bfc062723c751e8b465ee728b)  -> (artifact id: 'd184d6320d8742c9c956e7c810660a3d') in 0.095501 seconds 
========================================================================
Received Import Request.
  Time since last request: 0.000169 seconds.
  path: Assets/Menu/hangman.png
  artifactKey: Guid(cd1514b6d2be47849a4dff311e7f7933) Importer(815301076,1909f56bfc062723c751e8b465ee728b)
Start importing Assets/Menu/hangman.png using Guid(cd1514b6d2be47849a4dff311e7f7933) Importer(815301076,1909f56bfc062723c751e8b465ee728b)  -> (artifact id: '2892f4971d3fdc584984ab418adcf957') in 0.021212 seconds 
========================================================================
Received Import Request.
  Time since last request: 0.000180 seconds.
  path: Assets/Menu/Vector 6.png
  artifactKey: Guid(d931d3ea9d08f5749a93a14db67c6dcb) Importer(815301076,1909f56bfc062723c751e8b465ee728b)
Start importing Assets/Menu/Vector 6.png using Guid(d931d3ea9d08f5749a93a14db67c6dcb) Importer(815301076,1909f56bfc062723c751e8b465ee728b)  -> (artifact id: '676c486e26422e0cfc0ddcf22bd057c7') in 0.016854 seconds 
========================================================================
Received Import Request.
  Time since last request: 0.000185 seconds.
  path: Assets/Menu/Vector 15.png
  artifactKey: Guid(6211833f5a69c0b4a95d89f70825aaa1) Importer(815301076,1909f56bfc062723c751e8b465ee728b)
Start importing Assets/Menu/Vector 15.png using Guid(6211833f5a69c0b4a95d89f70825aaa1) Importer(815301076,1909f56bfc062723c751e8b465ee728b)  -> (artifact id: '69bc430af74e0226fe9ee5c1e978b8fe') in 0.015490 seconds 
========================================================================
Received Import Request.
  Time since last request: 0.000222 seconds.
  path: Assets/Menu/Vector 14.png
  artifactKey: Guid(8763aea8323b78a46a0ded9134a381d2) Importer(815301076,1909f56bfc062723c751e8b465ee728b)
Start importing Assets/Menu/Vector 14.png using Guid(8763aea8323b78a46a0ded9134a381d2) Importer(815301076,1909f56bfc062723c751e8b465ee728b)  -> (artifact id: '393dca8a23e3a92e2926bbaa56163911') in 0.016567 seconds 
========================================================================
Received Import Request.
  Time since last request: 0.000205 seconds.
  path: Assets/Menu/Group 13 (1).png
  artifactKey: Guid(511aff9ff5a3bf348868673c4ff084cc) Importer(815301076,1909f56bfc062723c751e8b465ee728b)
Start importing Assets/Menu/Group 13 (1).png using Guid(511aff9ff5a3bf348868673c4ff084cc) Importer(815301076,1909f56bfc062723c751e8b465ee728b)  -> (artifact id: '4529c88d2bcbe7eefd43dcccf91fbfb0') in 0.018070 seconds 
========================================================================
Received Import Request.
  Time since last request: 0.000196 seconds.
  path: Assets/Menu/Group 56.png
  artifactKey: Guid(c06fca521020b7b4787347d65bd1d1e4) Importer(815301076,1909f56bfc062723c751e8b465ee728b)
Start importing Assets/Menu/Group 56.png using Guid(c06fca521020b7b4787347d65bd1d1e4) Importer(815301076,1909f56bfc062723c751e8b465ee728b)  -> (artifact id: 'b7df3473a047300cf79570c82842873c') in 0.014136 seconds 
========================================================================
Received Import Request.
  Time since last request: 0.000173 seconds.
  path: Assets/Menu/Vector 16.png
  artifactKey: Guid(d0f4ff6bf31a94f4ab39a9194e8c765a) Importer(815301076,1909f56bfc062723c751e8b465ee728b)
Start importing Assets/Menu/Vector 16.png using Guid(d0f4ff6bf31a94f4ab39a9194e8c765a) Importer(815301076,1909f56bfc062723c751e8b465ee728b)  -> (artifact id: 'aecc3a533010502072078254283d3970') in 0.016721 seconds 
========================================================================
Received Import Request.
  Time since last request: 0.000182 seconds.
  path: Assets/Menu/Vector 12.png
  artifactKey: Guid(a1e8c50599ee1714285aa8ecca2542e7) Importer(815301076,1909f56bfc062723c751e8b465ee728b)
Start importing Assets/Menu/Vector 12.png using Guid(a1e8c50599ee1714285aa8ecca2542e7) Importer(815301076,1909f56bfc062723c751e8b465ee728b)  -> (artifact id: '77d601e16abf944d019ecf00ff9ad85b') in 0.015362 seconds 
========================================================================
Received Import Request.
  Time since last request: 0.000329 seconds.
  path: Assets/Menu/Group 10.png
  artifactKey: Guid(8d7e17e916900d74c803ef41f9c36592) Importer(815301076,1909f56bfc062723c751e8b465ee728b)
Start importing Assets/Menu/Group 10.png using Guid(8d7e17e916900d74c803ef41f9c36592) Importer(815301076,1909f56bfc062723c751e8b465ee728b)  -> (artifact id: 'b91b55f7c149dca683f730449e9ae48b') in 0.016502 seconds 
========================================================================
Received Import Request.
  Time since last request: 0.000181 seconds.
  path: Assets/Menu/Vector 5 (1).png
  artifactKey: Guid(ff6761cdc5991bc40b8af868dc25f78f) Importer(815301076,1909f56bfc062723c751e8b465ee728b)
Start importing Assets/Menu/Vector 5 (1).png using Guid(ff6761cdc5991bc40b8af868dc25f78f) Importer(815301076,1909f56bfc062723c751e8b465ee728b)  -> (artifact id: 'e3d51bc5a5d97385f70540e3fc7c7be3') in 0.016531 seconds 
========================================================================
Received Import Request.
  Time since last request: 0.000405 seconds.
  path: Assets/Menu/Group 9.png
  artifactKey: Guid(bc40de75efd7d824b806421b9727d510) Importer(815301076,1909f56bfc062723c751e8b465ee728b)
Start importing Assets/Menu/Group 9.png using Guid(bc40de75efd7d824b806421b9727d510) Importer(815301076,1909f56bfc062723c751e8b465ee728b)  -> (artifact id: '3a64fc4d34a41637ca1132550b4d5ae3') in 0.016720 seconds 
========================================================================
Received Import Request.
  Time since last request: 0.000174 seconds.
  path: Assets/Menu/Vector 6 (1).png
  artifactKey: Guid(c40e980af99f6054c9d50612aa466d35) Importer(815301076,1909f56bfc062723c751e8b465ee728b)
Start importing Assets/Menu/Vector 6 (1).png using Guid(c40e980af99f6054c9d50612aa466d35) Importer(815301076,1909f56bfc062723c751e8b465ee728b)  -> (artifact id: 'c897c348676fddcff61d079b426bfd65') in 0.015048 seconds 
========================================================================
Received Import Request.
  Time since last request: 17.440985 seconds.
  path: Assets/Scenes/لاعب واحد.png
  artifactKey: Guid(34b4081510f6e5648b4ef830d6692cd8) Importer(815301076,1909f56bfc062723c751e8b465ee728b)
Start importing Assets/Scenes/لاعب واحد.png using Guid(34b4081510f6e5648b4ef830d6692cd8) Importer(815301076,1909f56bfc062723c751e8b465ee728b)  -> (artifact id: '74d0cc923743efb3bde73591cda437e9') in 0.016636 seconds 
========================================================================
Received Import Request.
  Time since last request: 7.242414 seconds.
  path: Assets/Scenes/Frame (5).png
  artifactKey: Guid(74322704bb1c4d346844ab0ce2613f08) Importer(815301076,1909f56bfc062723c751e8b465ee728b)
Start importing Assets/Scenes/Frame (5).png using Guid(74322704bb1c4d346844ab0ce2613f08) Importer(815301076,1909f56bfc062723c751e8b465ee728b)  -> (artifact id: '9c538fa7293cd596516b7dcfe68a1c72') in 0.019505 seconds 
========================================================================
Received Import Request.
  Time since last request: 5.817370 seconds.
  path: Assets/Scenes/Vector 12.png
  artifactKey: Guid(d21aec07aa6bbe14d9999027ec1fa159) Importer(815301076,1909f56bfc062723c751e8b465ee728b)
Start importing Assets/Scenes/Vector 12.png using Guid(d21aec07aa6bbe14d9999027ec1fa159) Importer(815301076,1909f56bfc062723c751e8b465ee728b)  -> (artifact id: '3f65852353ede35ff5d5a2d6932cf835') in 0.015013 seconds 
========================================================================
Received Import Request.
  Time since last request: 6.433386 seconds.
  path: Assets/Scenes/الاسم.png
  artifactKey: Guid(ad3b4aa690e9fb84d8bc3c8ffe2ccddc) Importer(815301076,1909f56bfc062723c751e8b465ee728b)
Start importing Assets/Scenes/الاسم.png using Guid(ad3b4aa690e9fb84d8bc3c8ffe2ccddc) Importer(815301076,1909f56bfc062723c751e8b465ee728b)  -> (artifact id: '2571891278345220b2fb89566f74d7af') in 0.018294 seconds 
========================================================================
Received Import Request.
  Time since last request: 8.784426 seconds.
  path: Assets/Scenes/Vector 25.png
  artifactKey: Guid(2bea664de9ee53f4685265a1f0c2e98c) Importer(815301076,1909f56bfc062723c751e8b465ee728b)
Start importing Assets/Scenes/Vector 25.png using Guid(2bea664de9ee53f4685265a1f0c2e98c) Importer(815301076,1909f56bfc062723c751e8b465ee728b)  -> (artifact id: 'b2abbe7099cfdf88202f6528ee91aee4') in 0.016815 seconds 
========================================================================
Received Import Request.
  Time since last request: 6.806248 seconds.
  path: Assets/Scenes/Vector (2).png
  artifactKey: Guid(7d1043af744051b4bbdab43d17eef3ee) Importer(815301076,1909f56bfc062723c751e8b465ee728b)
Start importing Assets/Scenes/Vector (2).png using Guid(7d1043af744051b4bbdab43d17eef3ee) Importer(815301076,1909f56bfc062723c751e8b465ee728b)  -> (artifact id: 'fb5dbafd197c0948895ec5341d48f8c6') in 0.019325 seconds 
========================================================================
Received Import Request.
  Time since last request: 13.814929 seconds.
  path: Assets/Scenes/سهل.png
  artifactKey: Guid(f10cc40a9925be444818064adf3b66b4) Importer(815301076,1909f56bfc062723c751e8b465ee728b)
Start importing Assets/Scenes/سهل.png using Guid(f10cc40a9925be444818064adf3b66b4) Importer(815301076,1909f56bfc062723c751e8b465ee728b)  -> (artifact id: 'ccaa47dbda3b3f95d0e403e82364d75a') in 0.026600 seconds 
========================================================================
Received Import Request.
  Time since last request: 7.310459 seconds.
  path: Assets/Scenes/متوسط.png
  artifactKey: Guid(987cc6149f6cb99409b89a086373bf4c) Importer(815301076,1909f56bfc062723c751e8b465ee728b)
Start importing Assets/Scenes/متوسط.png using Guid(987cc6149f6cb99409b89a086373bf4c) Importer(815301076,1909f56bfc062723c751e8b465ee728b)  -> (artifact id: '9a3e58167729e041527cb60d41eb9bc2') in 0.023068 seconds 
========================================================================
Received Import Request.
  Time since last request: 6.541006 seconds.
  path: Assets/Scenes/صعب.png
  artifactKey: Guid(f51a1e4033dd50546ac5fa4c94ad1746) Importer(815301076,1909f56bfc062723c751e8b465ee728b)
Start importing Assets/Scenes/صعب.png using Guid(f51a1e4033dd50546ac5fa4c94ad1746) Importer(815301076,1909f56bfc062723c751e8b465ee728b)  -> (artifact id: '2c0755c1ee7d84bcdcfa63d931259d3e') in 0.024741 seconds 
========================================================================
Received Import Request.
  Time since last request: 13.228301 seconds.
  path: Assets/Scenes/Group 1.png
  artifactKey: Guid(a7324c1bfb39dbf4f9cba86a8b318076) Importer(815301076,1909f56bfc062723c751e8b465ee728b)
Start importing Assets/Scenes/Group 1.png using Guid(a7324c1bfb39dbf4f9cba86a8b318076) Importer(815301076,1909f56bfc062723c751e8b465ee728b)  -> (artifact id: '52623698fed43247534b62dc1b303c12') in 0.028884 seconds 
========================================================================
Received Import Request.
  Time since last request: 53.938947 seconds.
  path: Assets/Scenes/Vector 24.png
  artifactKey: Guid(170053e63fdb06d41b3df0178ca75a0b) Importer(815301076,1909f56bfc062723c751e8b465ee728b)
Start importing Assets/Scenes/Vector 24.png using Guid(170053e63fdb06d41b3df0178ca75a0b) Importer(815301076,1909f56bfc062723c751e8b465ee728b)  -> (artifact id: '6fe3d1ebed085b9328e0c76743285f55') in 0.018681 seconds 
========================================================================
Received Import Request.
  Time since last request: 993.030316 seconds.
  path: Assets/Singleplayer Setup
  artifactKey: Guid(1f2966f2536aca54b89edd9e26d32728) Importer(815301076,1909f56bfc062723c751e8b465ee728b)
Start importing Assets/Singleplayer Setup using Guid(1f2966f2536aca54b89edd9e26d32728) Importer(815301076,1909f56bfc062723c751e8b465ee728b)  -> (artifact id: '96eca09dc126982e7478dac1ca4ba393') in 0.008141 seconds 
========================================================================
Received Import Request.
  Time since last request: 25.519025 seconds.
  path: Assets/Singleplayer Setup/تاناويح.png
  artifactKey: Guid(6ad8a5edbb3457745bdc31977b6363e1) Importer(815301076,1909f56bfc062723c751e8b465ee728b)
Start importing Assets/Singleplayer Setup/تاناويح.png using Guid(6ad8a5edbb3457745bdc31977b6363e1) Importer(815301076,1909f56bfc062723c751e8b465ee728b)  -> (artifact id: 'ee2012fb0ad1dcad987796d2e46074cf') in 0.026176 seconds 
========================================================================
Received Import Request.
  Time since last request: 5.567534 seconds.
  path: Assets/Singleplayer Setup/تالكا.png
  artifactKey: Guid(ae190231ff0d03d4cb5501802ef1e2d3) Importer(815301076,1909f56bfc062723c751e8b465ee728b)
Start importing Assets/Singleplayer Setup/تالكا.png using Guid(ae190231ff0d03d4cb5501802ef1e2d3) Importer(815301076,1909f56bfc062723c751e8b465ee728b)  -> (artifact id: 'c8188c99731503b4d78ace2414f9075a') in 0.029546 seconds 
========================================================================
Received Import Request.
  Time since last request: 9.457612 seconds.
  path: Assets/Singleplayer Setup/تاتابن.png
  artifactKey: Guid(2b80182cfe5c3ad469ea0d93a016c79a) Importer(815301076,1909f56bfc062723c751e8b465ee728b)
Start importing Assets/Singleplayer Setup/تاتابن.png using Guid(2b80182cfe5c3ad469ea0d93a016c79a) Importer(815301076,1909f56bfc062723c751e8b465ee728b)  -> (artifact id: 'cc7768bf1d943748c935df5fb38090a8') in 0.023449 seconds 
========================================================================
Received Import Request.
  Time since last request: 6.540305 seconds.
  path: Assets/Singleplayer Setup/تارايس.png
  artifactKey: Guid(a51cc81e399772745926afbf6cf0115a) Importer(815301076,1909f56bfc062723c751e8b465ee728b)
Start importing Assets/Singleplayer Setup/تارايس.png using Guid(a51cc81e399772745926afbf6cf0115a) Importer(815301076,1909f56bfc062723c751e8b465ee728b)  -> (artifact id: 'e2f666b514700b7b0b233943562ed3d6') in 0.018866 seconds 
========================================================================
Received Prepare
Registering precompiled user dll's ...
Registered in 0.015479 seconds.
Begin MonoManager ReloadAssembly
Symbol file LoadedFromMemory is not a mono symbol file
Symbol file LoadedFromMemory doesn't match image C:\Users\Tjalfe\Desktop\HangMan\HangMan\Library\PackageCache\com.unity.visualscripting@1.6.1\Editor\VisualScripting.Core\Dependencies\YamlDotNet\Unity.VisualScripting.YamlDotNet.dll
Symbol file LoadedFromMemory is not a mono symbol file
Symbol file LoadedFromMemory doesn't match image C:\Users\Tjalfe\Desktop\HangMan\HangMan\Library\PackageCache\com.unity.visualscripting@1.6.1\Editor\VisualScripting.Core\Dependencies\DotNetZip\Unity.VisualScripting.IonicZip.dll
Symbol file LoadedFromMemory is not a mono symbol file
Symbol file LoadedFromMemory is not a mono symbol file
Symbol file LoadedFromMemory is not a mono symbol file
Native extension for WindowsStandalone target not found
Refreshing native plugins compatible for Editor in 1.00 ms, found 4 plugins.
Preloading 0 native plugins for Editor in 0.00 ms.
Mono: successfully reloaded assembly
- Completed reload, in  1.556 seconds
Domain Reload Profiling:
	ReloadAssembly (1556ms)
		BeginReloadAssembly (157ms)
			ExecutionOrderSort (0ms)
			DisableScriptedObjects (8ms)
			BackupInstance (0ms)
			ReleaseScriptingObjects (0ms)
			CreateAndSetChildDomain (58ms)
		EndReloadAssembly (1327ms)
			LoadAssemblies (123ms)
			RebuildTransferFunctionScriptingTraits (0ms)
			SetupTypeCache (445ms)
			ReleaseScriptCaches (3ms)
			RebuildScriptCaches (77ms)
			SetupLoadedEditorAssemblies (493ms)
				LogAssemblyErrors (0ms)
				InitializePlatformSupportModulesInManaged (6ms)
				SetLoadedEditorAssemblies (0ms)
				RefreshPlugins (1ms)
				BeforeProcessingInitializeOnLoad (114ms)
				ProcessInitializeOnLoadAttributes (258ms)
				ProcessInitializeOnLoadMethodAttributes (106ms)
				AfterProcessingInitializeOnLoad (7ms)
				EditorAssembliesLoaded (0ms)
			ExecutionOrderSort2 (0ms)
			AwakeInstancesAfterBackupRestoration (24ms)
Platform modules already initialized, skipping
Switching build target platform(19) subTarget(0) extendedPlatform(0) -> platform(13) subTarget(537395200) extendedPlatform(0)
Refreshing native plugins compatible for Editor in 1.01 ms, found 4 plugins.
Preloading 0 native plugins for Editor in 0.00 ms.
Unloading 4287 Unused Serialized files (Serialized files now loaded: 0)
System memory in use before: 179.7 MB.
System memory in use after: 179.4 MB.

Unloading 140 unused Assets to reduce memory usage. Loaded Objects now: 5102.
Total: 7.117600 ms (FindLiveObjects: 0.549100 ms CreateObjectMapping: 0.485600 ms MarkObjects: 5.427400 ms  DeleteObjects: 0.653900 ms)

AssetImportParameters requested are different than current active one (requested -> active):
  custom:framework-win-MediaFoundation: 216162199b28c13a410421893ffa2e32 -> 
  custom:video-decoder-ogg-theora: a1e56fd34408186e4bbccfd4996cb3dc -> 
  custom:container-muxer-webm: aa71ff27fc2769a1b78a27578f13a17b -> 
  custom:container-demuxer-webm: 4f35f7cbe854078d1ac9338744f61a02 -> 
  custom:container-demuxer-ogg: 62fdf1f143b41e24485cea50d1cbac27 -> 
  custom:video-encoder-webm-vp8: eb34c28f22e8b96e1ab97ce403110664 -> 
  custom:video-decoder-webm-vp8: 9c59270c3fd7afecdb556c50c9e8de78 -> 
  custom:graphics/normal-map-encoding: 01000000000000000000000000000000 -> 02000000000000000000000000000000
  custom:audio-decoder-ogg-vorbis: bf7c407c2cedff20999df2af8eb42d56 -> 
  custom:audio-encoder-webm-vorbis: bf7c407c2cedff20999df2af8eb42d56 -> 
========================================================================
Received Import Request.
  Time since last request: 499.222851 seconds.
  path: Assets/arabic-support-unity-master
  artifactKey: Guid(f2532cb65b3a03b4d9fd77721f195e59) Importer(815301076,1909f56bfc062723c751e8b465ee728b)
Start importing Assets/arabic-support-unity-master using Guid(f2532cb65b3a03b4d9fd77721f195e59) Importer(815301076,1909f56bfc062723c751e8b465ee728b)  -> (artifact id: '1213a7957072aac7c25621f61c7f4fb6') in 0.090903 seconds 
========================================================================
Received Import Request.
  Time since last request: 1.131812 seconds.
  path: Assets/arabic-support-unity-master/arabic-support-for-unity.unitypackage
  artifactKey: Guid(39caa1a88ede14c4d998cd10829250d1) Importer(815301076,1909f56bfc062723c751e8b465ee728b)
Start importing Assets/arabic-support-unity-master/arabic-support-for-unity.unitypackage using Guid(39caa1a88ede14c4d998cd10829250d1) Importer(815301076,1909f56bfc062723c751e8b465ee728b)  -> (artifact id: '9e44ed69ffe4b753c7d90d7bcd0f1c9b') in 0.027749 seconds 
========================================================================
Received Prepare
Registering precompiled user dll's ...
Registered in 0.009657 seconds.
Begin MonoManager ReloadAssembly
Symbol file LoadedFromMemory is not a mono symbol file
Symbol file LoadedFromMemory doesn't match image C:\Users\Tjalfe\Desktop\HangMan\HangMan\Library\PackageCache\com.unity.visualscripting@1.6.1\Editor\VisualScripting.Core\Dependencies\YamlDotNet\Unity.VisualScripting.YamlDotNet.dll
Symbol file LoadedFromMemory is not a mono symbol file
Symbol file LoadedFromMemory doesn't match image C:\Users\Tjalfe\Desktop\HangMan\HangMan\Library\PackageCache\com.unity.visualscripting@1.6.1\Editor\VisualScripting.Core\Dependencies\DotNetZip\Unity.VisualScripting.IonicZip.dll
Symbol file LoadedFromMemory is not a mono symbol file
Symbol file LoadedFromMemory is not a mono symbol file
Symbol file LoadedFromMemory is not a mono symbol file
Native extension for WindowsStandalone target not found
Refreshing native plugins compatible for Editor in 0.99 ms, found 4 plugins.
Preloading 0 native plugins for Editor in 0.00 ms.
Mono: successfully reloaded assembly
- Completed reload, in  1.517 seconds
Domain Reload Profiling:
	ReloadAssembly (1518ms)
		BeginReloadAssembly (155ms)
			ExecutionOrderSort (0ms)
			DisableScriptedObjects (12ms)
			BackupInstance (0ms)
			ReleaseScriptingObjects (0ms)
			CreateAndSetChildDomain (53ms)
		EndReloadAssembly (1290ms)
			LoadAssemblies (121ms)
			RebuildTransferFunctionScriptingTraits (0ms)
			SetupTypeCache (445ms)
			ReleaseScriptCaches (3ms)
			RebuildScriptCaches (74ms)
			SetupLoadedEditorAssemblies (473ms)
				LogAssemblyErrors (0ms)
				InitializePlatformSupportModulesInManaged (5ms)
				SetLoadedEditorAssemblies (1ms)
				RefreshPlugins (1ms)
				BeforeProcessingInitializeOnLoad (111ms)
				ProcessInitializeOnLoadAttributes (253ms)
				ProcessInitializeOnLoadMethodAttributes (94ms)
				AfterProcessingInitializeOnLoad (7ms)
				EditorAssembliesLoaded (0ms)
			ExecutionOrderSort2 (0ms)
			AwakeInstancesAfterBackupRestoration (26ms)
Platform modules already initialized, skipping
Switching build target platform(19) subTarget(0) extendedPlatform(0) -> platform(13) subTarget(537395200) extendedPlatform(0)
Refreshing native plugins compatible for Editor in 0.97 ms, found 4 plugins.
Preloading 0 native plugins for Editor in 0.00 ms.
Unloading 4259 Unused Serialized files (Serialized files now loaded: 0)
System memory in use before: 179.3 MB.
System memory in use after: 179.1 MB.

Unloading 140 unused Assets to reduce memory usage. Loaded Objects now: 5105.
Total: 5.582000 ms (FindLiveObjects: 0.504400 ms CreateObjectMapping: 0.528300 ms MarkObjects: 3.924700 ms  DeleteObjects: 0.623300 ms)

AssetImportParameters requested are different than current active one (requested -> active):
  custom:framework-win-MediaFoundation: 216162199b28c13a410421893ffa2e32 -> 
  custom:video-decoder-ogg-theora: a1e56fd34408186e4bbccfd4996cb3dc -> 
  custom:container-muxer-webm: aa71ff27fc2769a1b78a27578f13a17b -> 
  custom:container-demuxer-webm: 4f35f7cbe854078d1ac9338744f61a02 -> 
  custom:container-demuxer-ogg: 62fdf1f143b41e24485cea50d1cbac27 -> 
  custom:video-encoder-webm-vp8: eb34c28f22e8b96e1ab97ce403110664 -> 
  custom:video-decoder-webm-vp8: 9c59270c3fd7afecdb556c50c9e8de78 -> 
  custom:graphics/normal-map-encoding: 01000000000000000000000000000000 -> 02000000000000000000000000000000
  custom:audio-decoder-ogg-vorbis: bf7c407c2cedff20999df2af8eb42d56 -> 
  custom:audio-encoder-webm-vorbis: bf7c407c2cedff20999df2af8eb42d56 -> 
========================================================================
Received Prepare
Registering precompiled user dll's ...
Registered in 0.009031 seconds.
Begin MonoManager ReloadAssembly
Symbol file LoadedFromMemory is not a mono symbol file
Symbol file LoadedFromMemory doesn't match image C:\Users\Tjalfe\Desktop\HangMan\HangMan\Library\PackageCache\com.unity.visualscripting@1.6.1\Editor\VisualScripting.Core\Dependencies\YamlDotNet\Unity.VisualScripting.YamlDotNet.dll
Symbol file LoadedFromMemory is not a mono symbol file
Symbol file LoadedFromMemory doesn't match image C:\Users\Tjalfe\Desktop\HangMan\HangMan\Library\PackageCache\com.unity.visualscripting@1.6.1\Editor\VisualScripting.Core\Dependencies\DotNetZip\Unity.VisualScripting.IonicZip.dll
Symbol file LoadedFromMemory is not a mono symbol file
Symbol file LoadedFromMemory is not a mono symbol file
Symbol file LoadedFromMemory is not a mono symbol file
Native extension for WindowsStandalone target not found
Refreshing native plugins compatible for Editor in 1.19 ms, found 4 plugins.
Preloading 0 native plugins for Editor in 0.00 ms.
Mono: successfully reloaded assembly
- Completed reload, in  1.515 seconds
Domain Reload Profiling:
	ReloadAssembly (1516ms)
		BeginReloadAssembly (150ms)
			ExecutionOrderSort (0ms)
			DisableScriptedObjects (11ms)
			BackupInstance (0ms)
			ReleaseScriptingObjects (0ms)
			CreateAndSetChildDomain (48ms)
		EndReloadAssembly (1292ms)
			LoadAssemblies (118ms)
			RebuildTransferFunctionScriptingTraits (0ms)
			SetupTypeCache (439ms)
			ReleaseScriptCaches (3ms)
			RebuildScriptCaches (73ms)
			SetupLoadedEditorAssemblies (474ms)
				LogAssemblyErrors (0ms)
				InitializePlatformSupportModulesInManaged (5ms)
				SetLoadedEditorAssemblies (0ms)
				RefreshPlugins (1ms)
				BeforeProcessingInitializeOnLoad (113ms)
				ProcessInitializeOnLoadAttributes (256ms)
				ProcessInitializeOnLoadMethodAttributes (92ms)
				AfterProcessingInitializeOnLoad (7ms)
				EditorAssembliesLoaded (0ms)
			ExecutionOrderSort2 (0ms)
			AwakeInstancesAfterBackupRestoration (23ms)
Platform modules already initialized, skipping
Switching build target platform(19) subTarget(0) extendedPlatform(0) -> platform(13) subTarget(537395200) extendedPlatform(0)
Refreshing native plugins compatible for Editor in 1.01 ms, found 4 plugins.
Preloading 0 native plugins for Editor in 0.00 ms.
Unloading 4259 Unused Serialized files (Serialized files now loaded: 0)
System memory in use before: 179.4 MB.
System memory in use after: 179.1 MB.

Unloading 140 unused Assets to reduce memory usage. Loaded Objects now: 5107.
Total: 7.452000 ms (FindLiveObjects: 0.553200 ms CreateObjectMapping: 0.458600 ms MarkObjects: 5.725400 ms  DeleteObjects: 0.713500 ms)

AssetImportParameters requested are different than current active one (requested -> active):
  custom:framework-win-MediaFoundation: 216162199b28c13a410421893ffa2e32 -> 
  custom:video-decoder-ogg-theora: a1e56fd34408186e4bbccfd4996cb3dc -> 
  custom:container-muxer-webm: aa71ff27fc2769a1b78a27578f13a17b -> 
  custom:container-demuxer-webm: 4f35f7cbe854078d1ac9338744f61a02 -> 
  custom:container-demuxer-ogg: 62fdf1f143b41e24485cea50d1cbac27 -> 
  custom:video-encoder-webm-vp8: eb34c28f22e8b96e1ab97ce403110664 -> 
  custom:video-decoder-webm-vp8: 9c59270c3fd7afecdb556c50c9e8de78 -> 
  custom:graphics/normal-map-encoding: 01000000000000000000000000000000 -> 02000000000000000000000000000000
  custom:audio-decoder-ogg-vorbis: bf7c407c2cedff20999df2af8eb42d56 -> 
  custom:audio-encoder-webm-vorbis: bf7c407c2cedff20999df2af8eb42d56 -> 
========================================================================
Received Import Request.
  Time since last request: 17.651211 seconds.
  path: Assets/arabic-support-unity-master/Assets
  artifactKey: Guid(3dbb25dabdda351489555b129ee1dacf) Importer(815301076,1909f56bfc062723c751e8b465ee728b)
Start importing Assets/arabic-support-unity-master/Assets using Guid(3dbb25dabdda351489555b129ee1dacf) Importer(815301076,1909f56bfc062723c751e8b465ee728b)  -> (artifact id: '13bac053e0788a649c0d35defb217722') in 0.012805 seconds 
========================================================================
Received Import Request.
  Time since last request: 0.809126 seconds.
  path: Assets/arabic-support-unity-master/Assets/ArabicSupport
  artifactKey: Guid(c3502cad44c429a4dab63b2e5b90ce7b) Importer(815301076,1909f56bfc062723c751e8b465ee728b)
Start importing Assets/arabic-support-unity-master/Assets/ArabicSupport using Guid(c3502cad44c429a4dab63b2e5b90ce7b) Importer(815301076,1909f56bfc062723c751e8b465ee728b)  -> (artifact id: 'dedf6090d05220c586bd499b58f346e5') in 0.008216 seconds 
========================================================================
Received Import Request.
  Time since last request: 1.046987 seconds.
  path: Assets/arabic-support-unity-master/Assets/ArabicSupport/Scenes
  artifactKey: Guid(e80a2943498a2ea479f2446723141b5f) Importer(815301076,1909f56bfc062723c751e8b465ee728b)
Start importing Assets/arabic-support-unity-master/Assets/ArabicSupport/Scenes using Guid(e80a2943498a2ea479f2446723141b5f) Importer(815301076,1909f56bfc062723c751e8b465ee728b)  -> (artifact id: 'bc69765023be13d648127a88252a7c84') in 0.003408 seconds 
========================================================================
Received Import Request.
  Time since last request: 1.306653 seconds.
  path: Assets/arabic-support-unity-master/Assets/ArabicSupport/Scenes/ArabicTextExample.unity
  artifactKey: Guid(25300eaf46de4e042a51a5af54575aaa) Importer(815301076,1909f56bfc062723c751e8b465ee728b)
Start importing Assets/arabic-support-unity-master/Assets/ArabicSupport/Scenes/ArabicTextExample.unity using Guid(25300eaf46de4e042a51a5af54575aaa) Importer(815301076,1909f56bfc062723c751e8b465ee728b)  -> (artifact id: 'bf02abff13f9e8560656e4e066f32516') in 0.019024 seconds 
========================================================================
Received Import Request.
  Time since last request: 2.970158 seconds.
  path: Assets/arabic-support-unity-master/Assets/ArabicSupport/Scenes/Test Cases.unity
  artifactKey: Guid(9cbe1de0c7316a1409a2ba2c0b311916) Importer(815301076,1909f56bfc062723c751e8b465ee728b)
Start importing Assets/arabic-support-unity-master/Assets/ArabicSupport/Scenes/Test Cases.unity using Guid(9cbe1de0c7316a1409a2ba2c0b311916) Importer(815301076,1909f56bfc062723c751e8b465ee728b)  -> (artifact id: 'f1dc739559e47a4aa7125517a48b71ce') in 0.010910 seconds 
========================================================================
Received Import Request.
  Time since last request: 8.029878 seconds.
  path: Assets/arabic-support-unity-master/Assets/ArabicSupport/Scenes/ArabicTextExampleSettings.lighting
  artifactKey: Guid(61b910dbbc4ff594d879e297bba71182) Importer(815301076,1909f56bfc062723c751e8b465ee728b)
Start importing Assets/arabic-support-unity-master/Assets/ArabicSupport/Scenes/ArabicTextExampleSettings.lighting using Guid(61b910dbbc4ff594d879e297bba71182) Importer(815301076,1909f56bfc062723c751e8b465ee728b) LightingSettings: switching bake backend from 1 to 0.
 -> (artifact id: 'b1c45c8ba036da4ca4f55dcecfacc418') in 0.009428 seconds 
========================================================================
Received Import Request.
  Time since last request: 17.933360 seconds.
  path: Assets/Scenes/menu.unity
  artifactKey: Guid(6c8e1bd06c11f174d9c66e25377a98d6) Importer(815301076,1909f56bfc062723c751e8b465ee728b)
Start importing Assets/Scenes/menu.unity using Guid(6c8e1bd06c11f174d9c66e25377a98d6) Importer(815301076,1909f56bfc062723c751e8b465ee728b)  -> (artifact id: 'a47c77593ac4ac5e5857b53846576afa') in 0.005320 seconds 
========================================================================
Received Import Request.
  Time since last request: 136.411118 seconds.
  path: Assets/Menu
  artifactKey: Guid(320fc132166daea46a8097e864cd2c9f) Importer(815301076,1909f56bfc062723c751e8b465ee728b)
Start importing Assets/Menu using Guid(320fc132166daea46a8097e864cd2c9f) Importer(815301076,1909f56bfc062723c751e8b465ee728b)  -> (artifact id: '99483332daf3f5d4a1e01d8129ac7453') in 0.008071 seconds 
========================================================================
Received Import Request.
  Time since last request: 19.542009 seconds.
  path: Assets/Scenes/menu.unity
  artifactKey: Guid(6c8e1bd06c11f174d9c66e25377a98d6) Importer(815301076,1909f56bfc062723c751e8b465ee728b)
Start importing Assets/Scenes/menu.unity using Guid(6c8e1bd06c11f174d9c66e25377a98d6) Importer(815301076,1909f56bfc062723c751e8b465ee728b)  -> (artifact id: '9db4abd90b0aa78ffacb6f363e0bb8cb') in 0.006208 seconds 
========================================================================
Received Import Request.
  Time since last request: 12329.653935 seconds.
  path: Assets/Scenes/singleplayer_setup.unity
  artifactKey: Guid(b2a3af64a8b2bda48b2a5dcfb2c7d405) Importer(815301076,1909f56bfc062723c751e8b465ee728b)
Start importing Assets/Scenes/singleplayer_setup.unity using Guid(b2a3af64a8b2bda48b2a5dcfb2c7d405) Importer(815301076,1909f56bfc062723c751e8b465ee728b)  -> (artifact id: '39f5066dd002f3331657f4b326eb9be9') in 0.008669 seconds 
========================================================================
Received Import Request.
  Time since last request: 264.955390 seconds.
  path: Assets/Shop/Group 54.png
  artifactKey: Guid(41a4e5a883215d145990a935ccfd40a9) Importer(815301076,1909f56bfc062723c751e8b465ee728b)
Start importing Assets/Shop/Group 54.png using Guid(41a4e5a883215d145990a935ccfd40a9) Importer(815301076,1909f56bfc062723c751e8b465ee728b)  -> (artifact id: '288ba210b61647f22a85abcb49a4fb7c') in 0.060509 seconds 
========================================================================
Received Import Request.
  Time since last request: 0.000255 seconds.
  path: Assets/Shop/Group 58.png
  artifactKey: Guid(844b28d1a405d944badea6d55848f8a6) Importer(815301076,1909f56bfc062723c751e8b465ee728b)
Start importing Assets/Shop/Group 58.png using Guid(844b28d1a405d944badea6d55848f8a6) Importer(815301076,1909f56bfc062723c751e8b465ee728b)  -> (artifact id: 'ee982b7f064084ad9371a62d377adfed') in 0.027627 seconds 
========================================================================
Received Import Request.
  Time since last request: 0.000214 seconds.
  path: Assets/Shop/النقاط والكؤوس.png
  artifactKey: Guid(83513cfeaf27c1b44ad67255f8386334) Importer(815301076,1909f56bfc062723c751e8b465ee728b)
Start importing Assets/Shop/النقاط والكؤوس.png using Guid(83513cfeaf27c1b44ad67255f8386334) Importer(815301076,1909f56bfc062723c751e8b465ee728b)  -> (artifact id: '1407bd6bc599082caa36c472b911b498') in 0.028516 seconds 
========================================================================
Received Import Request.
  Time since last request: 0.000226 seconds.
  path: Assets/Shop/الكؤوس.png
  artifactKey: Guid(68649cd5daaeab849944da437e903dcf) Importer(815301076,1909f56bfc062723c751e8b465ee728b)
Start importing Assets/Shop/الكؤوس.png using Guid(68649cd5daaeab849944da437e903dcf) Importer(815301076,1909f56bfc062723c751e8b465ee728b)  -> (artifact id: '609b79346db2f9230b340f4143d8f763') in 0.022356 seconds 
========================================================================
Received Import Request.
  Time since last request: 0.000171 seconds.
  path: Assets/Shop/النقاط.png
  artifactKey: Guid(cb3da9fdedecea048921726be406f968) Importer(815301076,1909f56bfc062723c751e8b465ee728b)
Start importing Assets/Shop/النقاط.png using Guid(cb3da9fdedecea048921726be406f968) Importer(815301076,1909f56bfc062723c751e8b465ee728b)  -> (artifact id: '1f6d65fa88ba110e81d1c8c57af07375') in 0.020243 seconds 
========================================================================
Received Import Request.
  Time since last request: 268.400443 seconds.
  path: Assets/Settings/الصوت.png
  artifactKey: Guid(f9f0babb5c4643948812d69f8c5d7b0d) Importer(815301076,1909f56bfc062723c751e8b465ee728b)
Start importing Assets/Settings/الصوت.png using Guid(f9f0babb5c4643948812d69f8c5d7b0d) Importer(815301076,1909f56bfc062723c751e8b465ee728b)  -> (artifact id: '255b1c5581bcbc170e84a830f3ca40c6') in 0.020730 seconds 
========================================================================
Received Import Request.
  Time since last request: 0.000110 seconds.
  path: Assets/Settings/الاعدادات.png
  artifactKey: Guid(443d601e3d40a6249afa7c2fbbdfe824) Importer(815301076,1909f56bfc062723c751e8b465ee728b)
Start importing Assets/Settings/الاعدادات.png using Guid(443d601e3d40a6249afa7c2fbbdfe824) Importer(815301076,1909f56bfc062723c751e8b465ee728b)  -> (artifact id: '640e8702313d805792ce11a4442849df') in 0.026663 seconds 
========================================================================
Received Import Request.
  Time since last request: 0.442629 seconds.
  path: Assets/Settings/Vector 24.png
  artifactKey: Guid(6a7f0995d59026c4bad2be4bbbb93220) Importer(815301076,1909f56bfc062723c751e8b465ee728b)
Start importing Assets/Settings/Vector 24.png using Guid(6a7f0995d59026c4bad2be4bbbb93220) Importer(815301076,1909f56bfc062723c751e8b465ee728b)  -> (artifact id: '33c796a0d739b40d9bc78d4b254a50dd') in 0.026049 seconds 
========================================================================
Received Import Request.
  Time since last request: 0.300610 seconds.
  path: Assets/Settings/Vector 12 (1).png
  artifactKey: Guid(cf31df1669086a749887fcdc547fb98d) Importer(815301076,1909f56bfc062723c751e8b465ee728b)
Start importing Assets/Settings/Vector 12 (1).png using Guid(cf31df1669086a749887fcdc547fb98d) Importer(815301076,1909f56bfc062723c751e8b465ee728b)  -> (artifact id: '92efd731aa853bb6a571835d47c9514e') in 0.017704 seconds 
========================================================================
Received Import Request.
  Time since last request: 0.251981 seconds.
  path: Assets/Photon/PhotonUnityNetworking/Demos/DemoHub/Sprites/toHub.png
  artifactKey: Guid(9587663c4d27e47b19a118aabaac4a08) Importer(815301076,1909f56bfc062723c751e8b465ee728b)
Start importing Assets/Photon/PhotonUnityNetworking/Demos/DemoHub/Sprites/toHub.png using Guid(9587663c4d27e47b19a118aabaac4a08) Importer(815301076,1909f56bfc062723c751e8b465ee728b)  -> (artifact id: '33c75187400233e0d42d46b49cd4f84a') in 0.031569 seconds 
========================================================================
Received Import Request.
  Time since last request: 0.000207 seconds.
  path: Assets/Settings/Star 4.png
  artifactKey: Guid(43155a5e6015b244487148ca27c077e2) Importer(815301076,1909f56bfc062723c751e8b465ee728b)
Start importing Assets/Settings/Star 4.png using Guid(43155a5e6015b244487148ca27c077e2) Importer(815301076,1909f56bfc062723c751e8b465ee728b)  -> (artifact id: 'ad9ff20004f92c7d187fbc32be49f153') in 0.042452 seconds 
========================================================================
Received Import Request.
  Time since last request: 0.000191 seconds.
  path: Assets/Photon/PhotonUnityNetworking/Icons/PunIconApp512.png
  artifactKey: Guid(7377013011b4c3348809ff574abe799e) Importer(815301076,1909f56bfc062723c751e8b465ee728b)
Start importing Assets/Photon/PhotonUnityNetworking/Icons/PunIconApp512.png using Guid(7377013011b4c3348809ff574abe799e) Importer(815301076,1909f56bfc062723c751e8b465ee728b)  -> (artifact id: 'd14fd7b1a0e1adcc21076e64051c0bcf') in 0.047377 seconds 
========================================================================
Received Import Request.
  Time since last request: 0.000193 seconds.
  path: Assets/Settings/Star 5.png
  artifactKey: Guid(f6c2c9d554198e8439b996e7ac4c1449) Importer(815301076,1909f56bfc062723c751e8b465ee728b)
Start importing Assets/Settings/Star 5.png using Guid(f6c2c9d554198e8439b996e7ac4c1449) Importer(815301076,1909f56bfc062723c751e8b465ee728b)  -> (artifact id: '342e70b42e435e1061fb9f5db67f6658') in 0.022557 seconds 
========================================================================
Received Import Request.
  Time since last request: 0.000184 seconds.
  path: Assets/Settings/Rate us.png
  artifactKey: Guid(241b08614f67ab249aaba145f1a41ebb) Importer(815301076,1909f56bfc062723c751e8b465ee728b)
Start importing Assets/Settings/Rate us.png using Guid(241b08614f67ab249aaba145f1a41ebb) Importer(815301076,1909f56bfc062723c751e8b465ee728b)  -> (artifact id: '934c2388dd0dd9664bc4c5203ce93b96') in 0.020349 seconds 
========================================================================
Received Import Request.
  Time since last request: 0.037485 seconds.
  path: Assets/Photon/PhotonUnityNetworking/Icons/PunIconApp48.png
  artifactKey: Guid(44ebd8e6f42cae445ab4b22f0a9b48a0) Importer(815301076,1909f56bfc062723c751e8b465ee728b)
Start importing Assets/Photon/PhotonUnityNetworking/Icons/PunIconApp48.png using Guid(44ebd8e6f42cae445ab4b22f0a9b48a0) Importer(815301076,1909f56bfc062723c751e8b465ee728b)  -> (artifact id: '8dbab4558acadad59e0f8c209431464f') in 0.019740 seconds 
========================================================================
Received Import Request.
  Time since last request: 0.000172 seconds.
  path: Assets/Photon/PhotonUnityNetworking/Icons/PunIconApp128.png
  artifactKey: Guid(f00feafcf0675cd47a48f83ae42b06d4) Importer(815301076,1909f56bfc062723c751e8b465ee728b)
Start importing Assets/Photon/PhotonUnityNetworking/Icons/PunIconApp128.png using Guid(f00feafcf0675cd47a48f83ae42b06d4) Importer(815301076,1909f56bfc062723c751e8b465ee728b)  -> (artifact id: '201b87d43ff379d6d5dc936c490c4782') in 0.025366 seconds 
========================================================================
Received Import Request.
  Time since last request: 0.000248 seconds.
  path: Assets/Photon/PhotonUnityNetworking/Icons/PunIconApp32.png
  artifactKey: Guid(436c5e63723127948af8857e903f658a) Importer(815301076,1909f56bfc062723c751e8b465ee728b)
Start importing Assets/Photon/PhotonUnityNetworking/Icons/PunIconApp32.png using Guid(436c5e63723127948af8857e903f658a) Importer(815301076,1909f56bfc062723c751e8b465ee728b)  -> (artifact id: 'c15a17de4275ed1fadb6f4d495eb278d') in 0.020864 seconds 
========================================================================
Received Import Request.
  Time since last request: 0.000200 seconds.
  path: Assets/Photon/PhotonUnityNetworking/Demos/DemoHub/Sprites/PunIcon-White-129.png
  artifactKey: Guid(56bbc6b42271d4177ac313247f47ac1f) Importer(815301076,1909f56bfc062723c751e8b465ee728b)
Start importing Assets/Photon/PhotonUnityNetworking/Demos/DemoHub/Sprites/PunIcon-White-129.png using Guid(56bbc6b42271d4177ac313247f47ac1f) Importer(815301076,1909f56bfc062723c751e8b465ee728b)  -> (artifact id: 'ed2720330dcaaf48f6941fcaa7cb8414') in 0.022514 seconds 
========================================================================
Received Import Request.
  Time since last request: 0.000270 seconds.
  path: Assets/Photon/PhotonUnityNetworking/Demos/DemoHub/Sprites/OutlinedSquaredBox.png
  artifactKey: Guid(c222cd02c447941edb09ecb6433229ce) Importer(815301076,1909f56bfc062723c751e8b465ee728b)
Start importing Assets/Photon/PhotonUnityNetworking/Demos/DemoHub/Sprites/OutlinedSquaredBox.png using Guid(c222cd02c447941edb09ecb6433229ce) Importer(815301076,1909f56bfc062723c751e8b465ee728b)  -> (artifact id: '5e86c3655d3b4cd3301d99ce838906f4') in 0.022409 seconds 
========================================================================
Received Import Request.
  Time since last request: 0.000153 seconds.
  path: Assets/Photon/PhotonUnityNetworking/Icons/PunIcon-128.png
  artifactKey: Guid(bd293dc32f4aaf94e8274f2fac2cdf89) Importer(815301076,1909f56bfc062723c751e8b465ee728b)
Start importing Assets/Photon/PhotonUnityNetworking/Icons/PunIcon-128.png using Guid(bd293dc32f4aaf94e8274f2fac2cdf89) Importer(815301076,1909f56bfc062723c751e8b465ee728b)  -> (artifact id: '8bba157c72b4bcafbba61755fea74cc4') in 0.025894 seconds 
========================================================================
Received Import Request.
  Time since last request: 0.336438 seconds.
  path: Assets/Settings/Group 33.png
  artifactKey: Guid(511c61c23bc36ef4c951b11bdf079b80) Importer(815301076,1909f56bfc062723c751e8b465ee728b)
Start importing Assets/Settings/Group 33.png using Guid(511c61c23bc36ef4c951b11bdf079b80) Importer(815301076,1909f56bfc062723c751e8b465ee728b)  -> (artifact id: '58dc867b5bf6ad1370e1cc7d5ac4648a') in 0.033913 seconds 
========================================================================
Received Import Request.
  Time since last request: 0.226817 seconds.
  path: Assets/Photon/PhotonUnityNetworking/Demos/DemoHub/Sprites/Gradient.png
  artifactKey: Guid(66efb24ed46044ab8a039599cbc47d7b) Importer(815301076,1909f56bfc062723c751e8b465ee728b)
Start importing Assets/Photon/PhotonUnityNetworking/Demos/DemoHub/Sprites/Gradient.png using Guid(66efb24ed46044ab8a039599cbc47d7b) Importer(815301076,1909f56bfc062723c751e8b465ee728b)  -> (artifact id: 'ec8cb51b211a7af722b2a29739ca4ced') in 0.028964 seconds 
========================================================================
Received Import Request.
  Time since last request: 0.000209 seconds.
  path: Assets/Settings/Frame (2).png
  artifactKey: Guid(2fa313d3d2c13eb42a536993b876b530) Importer(815301076,1909f56bfc062723c751e8b465ee728b)
Start importing Assets/Settings/Frame (2).png using Guid(2fa313d3d2c13eb42a536993b876b530) Importer(815301076,1909f56bfc062723c751e8b465ee728b)  -> (artifact id: '98331b958e0b23d4599bbc704905aef7') in 0.027555 seconds 
========================================================================
Received Import Request.
  Time since last request: 0.164072 seconds.
  path: Assets/Settings/Frame (1).png
  artifactKey: Guid(44c1f61987998954c8ca731588c29665) Importer(815301076,1909f56bfc062723c751e8b465ee728b)
Start importing Assets/Settings/Frame (1).png using Guid(44c1f61987998954c8ca731588c29665) Importer(815301076,1909f56bfc062723c751e8b465ee728b)  -> (artifact id: '2dd22d0431e89e3d0d390c3fb9db2bba') in 0.023645 seconds 
========================================================================
Received Import Request.
  Time since last request: 0.000225 seconds.
  path: Assets/Settings/Frame.png
  artifactKey: Guid(2f8e208f9498f9a469eef285efe3a5f4) Importer(815301076,1909f56bfc062723c751e8b465ee728b)
Start importing Assets/Settings/Frame.png using Guid(2f8e208f9498f9a469eef285efe3a5f4) Importer(815301076,1909f56bfc062723c751e8b465ee728b)  -> (artifact id: 'a064c7948c5bb9cd4101afddbc929317') in 0.024735 seconds 
========================================================================
Received Import Request.
  Time since last request: 0.000230 seconds.
  path: Assets/Photon/PhotonUnityNetworking/Demos/Shared Assets/Skin/DropDown CheckMark.png
  artifactKey: Guid(fd47c8b4ebfbd4339858d4d23f587519) Importer(815301076,1909f56bfc062723c751e8b465ee728b)
Start importing Assets/Photon/PhotonUnityNetworking/Demos/Shared Assets/Skin/DropDown CheckMark.png using Guid(fd47c8b4ebfbd4339858d4d23f587519) Importer(815301076,1909f56bfc062723c751e8b465ee728b)  -> (artifact id: '443477b2b8876affc2470c6e82f804da') in 0.021699 seconds 
========================================================================
Received Import Request.
  Time since last request: 0.000176 seconds.
  path: Assets/Photon/PhotonUnityNetworking/Demos/Shared Assets/Skin/DropDown Arrow.png
  artifactKey: Guid(936345f7fc3934efa8119a8700d904c7) Importer(815301076,1909f56bfc062723c751e8b465ee728b)
Start importing Assets/Photon/PhotonUnityNetworking/Demos/Shared Assets/Skin/DropDown Arrow.png using Guid(936345f7fc3934efa8119a8700d904c7) Importer(815301076,1909f56bfc062723c751e8b465ee728b)  -> (artifact id: '2f533c056154e1a39782d02c99a61204') in 0.022380 seconds 
========================================================================
Received Prepare
Registering precompiled user dll's ...
Registered in 0.121349 seconds.
Begin MonoManager ReloadAssembly
Symbol file LoadedFromMemory is not a mono symbol file
Symbol file LoadedFromMemory doesn't match image C:\Users\Tjalfe\Desktop\HangMan\HangMan\Library\PackageCache\com.unity.visualscripting@1.6.1\Editor\VisualScripting.Core\Dependencies\YamlDotNet\Unity.VisualScripting.YamlDotNet.dll
Symbol file LoadedFromMemory is not a mono symbol file
Symbol file LoadedFromMemory doesn't match image C:\Users\Tjalfe\Desktop\HangMan\HangMan\Library\PackageCache\com.unity.visualscripting@1.6.1\Editor\VisualScripting.Core\Dependencies\DotNetZip\Unity.VisualScripting.IonicZip.dll
Symbol file LoadedFromMemory is not a mono symbol file
Symbol file LoadedFromMemory is not a mono symbol file
Symbol file LoadedFromMemory is not a mono symbol file
Native extension for WindowsStandalone target not found
Refreshing native plugins compatible for Editor in 1.05 ms, found 4 plugins.
Preloading 0 native plugins for Editor in 0.00 ms.
Mono: successfully reloaded assembly
- Completed reload, in  1.852 seconds
Domain Reload Profiling:
	ReloadAssembly (1852ms)
		BeginReloadAssembly (173ms)
			ExecutionOrderSort (0ms)
			DisableScriptedObjects (14ms)
			BackupInstance (0ms)
			ReleaseScriptingObjects (0ms)
			CreateAndSetChildDomain (61ms)
		EndReloadAssembly (1600ms)
			LoadAssemblies (132ms)
			RebuildTransferFunctionScriptingTraits (0ms)
			SetupTypeCache (493ms)
			ReleaseScriptCaches (3ms)
			RebuildScriptCaches (77ms)
			SetupLoadedEditorAssemblies (664ms)
				LogAssemblyErrors (0ms)
				InitializePlatformSupportModulesInManaged (6ms)
				SetLoadedEditorAssemblies (1ms)
				RefreshPlugins (1ms)
				BeforeProcessingInitializeOnLoad (117ms)
				ProcessInitializeOnLoadAttributes (375ms)
				ProcessInitializeOnLoadMethodAttributes (158ms)
				AfterProcessingInitializeOnLoad (7ms)
				EditorAssembliesLoaded (0ms)
			ExecutionOrderSort2 (0ms)
			AwakeInstancesAfterBackupRestoration (31ms)
Platform modules already initialized, skipping
Switching build target platform(19) subTarget(0) extendedPlatform(0) -> platform(13) subTarget(537395200) extendedPlatform(0)
Refreshing native plugins compatible for Editor in 1.08 ms, found 4 plugins.
Preloading 0 native plugins for Editor in 0.00 ms.
Unloading 4286 Unused Serialized files (Serialized files now loaded: 0)
System memory in use before: 191.8 MB.
System memory in use after: 191.6 MB.

Unloading 140 unused Assets to reduce memory usage. Loaded Objects now: 5543.
Total: 8.960200 ms (FindLiveObjects: 0.751000 ms CreateObjectMapping: 0.755100 ms MarkObjects: 6.601800 ms  DeleteObjects: 0.850900 ms)

AssetImportParameters requested are different than current active one (requested -> active):
  custom:framework-win-MediaFoundation: 216162199b28c13a410421893ffa2e32 -> 
  custom:video-decoder-ogg-theora: a1e56fd34408186e4bbccfd4996cb3dc -> 
  custom:container-muxer-webm: aa71ff27fc2769a1b78a27578f13a17b -> 
  custom:container-demuxer-webm: 4f35f7cbe854078d1ac9338744f61a02 -> 
  custom:container-demuxer-ogg: 62fdf1f143b41e24485cea50d1cbac27 -> 
  custom:video-encoder-webm-vp8: eb34c28f22e8b96e1ab97ce403110664 -> 
  custom:video-decoder-webm-vp8: 9c59270c3fd7afecdb556c50c9e8de78 -> 
  custom:graphics/normal-map-encoding: 01000000000000000000000000000000 -> 02000000000000000000000000000000
  custom:audio-decoder-ogg-vorbis: bf7c407c2cedff20999df2af8eb42d56 -> 
  custom:audio-encoder-webm-vorbis: bf7c407c2cedff20999df2af8eb42d56 -> 
========================================================================
Received Import Request.
  Time since last request: 578.865638 seconds.
  path: Assets/Singleplayer Setup/image.png
  artifactKey: Guid(fd1c25a54489d294ba41908f12f38014) Importer(815301076,1909f56bfc062723c751e8b465ee728b)
Start importing Assets/Singleplayer Setup/image.png using Guid(fd1c25a54489d294ba41908f12f38014) Importer(815301076,1909f56bfc062723c751e8b465ee728b)  -> (artifact id: 'f33bbce44d2d65e5bbdd4a8c745518bc') in 0.073191 seconds 
========================================================================
Received Import Request.
  Time since last request: 87.443050 seconds.
  path: Assets/Singleplayer Setup/image (1).png
  artifactKey: Guid(cc6051d6238716d4ab5102cf46994c88) Importer(815301076,1909f56bfc062723c751e8b465ee728b)
Start importing Assets/Singleplayer Setup/image (1).png using Guid(cc6051d6238716d4ab5102cf46994c88) Importer(815301076,1909f56bfc062723c751e8b465ee728b)  -> (artifact id: '297d144286489e8dac938925d6f60a85') in 0.018008 seconds 
AssetImportWorkerClient::OnTransportError - code=2 error=End of file
